[2025-05-16 02:55:32] Подключение к базе данных успешно при загрузке страницы
[2025-05-16 02:55:32] Проверка и создание администраторов
[2025-05-16 02:55:33] Таблица superadmins существует: да
[2025-05-16 02:55:33] Количество администраторов в базе: 2
[2025-05-16 02:55:33] Существующий администратор: ID=10, Username=admin
[2025-05-16 02:55:33] Существующий администратор: ID=11, Username=superadmin
[2025-05-16 02:55:45] Подключение к базе данных успешно
[2025-05-16 02:55:45] Проверка и создание администраторов
[2025-05-16 02:55:45] Таблица superadmins существует: да
[2025-05-16 02:55:45] Количество администраторов в базе: 2
[2025-05-16 02:55:45] Существующий администратор: ID=10, Username=admin
[2025-05-16 02:55:45] Существующий администратор: ID=11, Username=superadmin
[2025-05-16 02:55:45] Попытка входа: username=admin
[2025-05-16 02:55:45] Прямая проверка учетных данных прошла успешно
[2025-05-16 02:55:45] Вход выполнен успешно через прямую проверку. ID=10, Username=admin
[2025-05-16 02:57:16] Подключение к базе данных успешно при загрузке страницы
[2025-05-16 02:57:16] Проверка и создание администраторов
[2025-05-16 02:57:16] Таблица superadmins существует: да
[2025-05-16 02:57:16] Количество администраторов в базе: 2
[2025-05-16 02:57:16] Существующий администратор: ID=10, Username=admin
[2025-05-16 02:57:16] Существующий администратор: ID=11, Username=superadmin
[2025-05-16 02:57:23] Подключение к базе данных успешно
[2025-05-16 02:57:23] Проверка и создание администраторов
[2025-05-16 02:57:23] Таблица superadmins существует: да
[2025-05-16 02:57:23] Количество администраторов в базе: 2
[2025-05-16 02:57:23] Существующий администратор: ID=10, Username=admin
[2025-05-16 02:57:23] Существующий администратор: ID=11, Username=superadmin
[2025-05-16 02:57:23] Попытка входа: username=admin
[2025-05-16 02:57:23] Прямая проверка учетных данных прошла успешно
[2025-05-16 02:57:23] Вход выполнен успешно через прямую проверку. ID=10, Username=admin
