[2025-05-10 08:31:44] Подключение к базе данных успешно при загрузке страницы
[2025-05-10 08:31:44] Проверка и создание администраторов
[2025-05-10 08:31:44] Таблица superadmins существует: да
[2025-05-10 08:31:44] Количество администраторов в базе: 2
[2025-05-10 08:31:44] Существующий администратор: ID=10, Username=admin
[2025-05-10 08:31:44] Существующий администратор: ID=11, Username=superadmin
[2025-05-10 08:31:57] Подключение к базе данных успешно
[2025-05-10 08:31:57] Проверка и создание администраторов
[2025-05-10 08:31:57] Таблица superadmins существует: да
[2025-05-10 08:31:57] Количество администраторов в базе: 2
[2025-05-10 08:31:57] Существующий администратор: ID=10, Username=admin
[2025-05-10 08:31:57] Существующий администратор: ID=11, Username=superadmin
[2025-05-10 08:31:57] Попытка входа: username=admin
[2025-05-10 08:31:57] Прямая проверка учетных данных прошла успешно
[2025-05-10 08:31:57] Вход выполнен успешно через прямую проверку. ID=10, Username=admin
[2025-05-10 08:33:13] Подключение к базе данных успешно при загрузке страницы
[2025-05-10 08:33:13] Проверка и создание администраторов
[2025-05-10 08:33:13] Таблица superadmins существует: да
[2025-05-10 08:33:13] Количество администраторов в базе: 2
[2025-05-10 08:33:13] Существующий администратор: ID=10, Username=admin
[2025-05-10 08:33:13] Существующий администратор: ID=11, Username=superadmin
[2025-05-10 08:33:19] Подключение к базе данных успешно
[2025-05-10 08:33:19] Проверка и создание администраторов
[2025-05-10 08:33:19] Таблица superadmins существует: да
[2025-05-10 08:33:19] Количество администраторов в базе: 2
[2025-05-10 08:33:19] Существующий администратор: ID=10, Username=admin
[2025-05-10 08:33:19] Существующий администратор: ID=11, Username=superadmin
[2025-05-10 08:33:19] Попытка входа: username=superadmin
[2025-05-10 08:33:19] Прямая проверка учетных данных прошла успешно
[2025-05-10 08:33:19] Вход выполнен успешно через прямую проверку. ID=11, Username=superadmin
[2025-05-10 08:59:51] Подключение к базе данных успешно при загрузке страницы
[2025-05-10 08:59:51] Проверка и создание администраторов
[2025-05-10 08:59:51] Таблица superadmins существует: да
[2025-05-10 08:59:51] Количество администраторов в базе: 2
[2025-05-10 08:59:51] Существующий администратор: ID=10, Username=admin
[2025-05-10 08:59:51] Существующий администратор: ID=11, Username=superadmin
[2025-05-10 13:34:33] Подключение к базе данных успешно при загрузке страницы
[2025-05-10 13:34:33] Проверка и создание администраторов
[2025-05-10 13:34:33] Таблица superadmins существует: да
[2025-05-10 13:34:33] Количество администраторов в базе: 2
[2025-05-10 13:34:33] Существующий администратор: ID=10, Username=admin
[2025-05-10 13:34:33] Существующий администратор: ID=11, Username=superadmin
[2025-05-10 13:34:45] Подключение к базе данных успешно
[2025-05-10 13:34:45] Проверка и создание администраторов
[2025-05-10 13:34:45] Таблица superadmins существует: да
[2025-05-10 13:34:45] Количество администраторов в базе: 2
[2025-05-10 13:34:45] Существующий администратор: ID=10, Username=admin
[2025-05-10 13:34:45] Существующий администратор: ID=11, Username=superadmin
[2025-05-10 13:34:45] Попытка входа: username=admin
[2025-05-10 13:34:45] Прямая проверка учетных данных прошла успешно
[2025-05-10 13:34:45] Вход выполнен успешно через прямую проверку. ID=10, Username=admin
