Received data: Array
(
    [headers] => Array
        (
            [0] => id
            [1] => name
            [2] => category
            [3] => category_id
            [4] => description
            [5] => specifications
            [6] => price
            [7] => quantity
            [8] => image url
        )

    [rows] => Array
        (
            [0] => Array
                (
                    [0] => 1181
                    [1] => Энциклопедия радиолюбителя
                    [2] => Литература
                    [3] => 12
                    [4] => Справочник по радиоэлектронике для любителей.
                    [5] => Автор: Виктор Пестриков; Издательство: Наука и Техника; Год: 2020; Страниц: 512; ISBN: 978-5-94387-987-6
                    [6] => 1000.0043
                    [7] => 400
                    [8] => https://avidreaders.ru/pics/8/1/803181.jpeg
                )

        )

)
